\BOOKMARK [0][-]{dummy.1}{\376\377\000A\000c\000k\000n\000o\000w\000l\000e\000d\000g\000e\000m\000e\000n\000t\000s}{}% 1
\BOOKMARK [0][-]{dummy.2}{\376\377\000R\000e\000s\000u\000m\000o}{}% 2
\BOOKMARK [0][-]{dummy.3}{\376\377\000A\000b\000s\000t\000r\000a\000c\000t}{}% 3
\BOOKMARK [0][-]{dummy.4}{\376\377\000T\000a\000b\000l\000e\000\040\000o\000f\000\040\000C\000o\000n\000t\000e\000n\000t\000s}{}% 4
\BOOKMARK [0][-]{dummy.5}{\376\377\000L\000i\000s\000t\000\040\000o\000f\000\040\000F\000i\000g\000u\000r\000e\000s}{}% 5
\BOOKMARK [0][-]{section*.3}{\376\377\000L\000i\000s\000t\000\040\000o\000f\000\040\000A\000b\000b\000r\000e\000v\000i\000a\000t\000i\000o\000n\000s}{}% 6
\BOOKMARK [0][-]{chapter.1}{\376\377\0001\000\040\000I\000n\000t\000r\000o\000d\000u\000c\000t\000i\000o\000n}{}% 7
\BOOKMARK [1][-]{section.1.1}{\376\377\0001\000.\0001\000\040\000N\000e\000e\000d\000\040\000f\000o\000r\000\040\000A\000u\000t\000o\000m\000a\000t\000e\000d\000\040\000A\000s\000s\000e\000s\000s\000m\000e\000n\000t}{chapter.1}% 8
\BOOKMARK [2][-]{subsection.1.1.1}{\376\377\0001\000.\0001\000.\0001\000\040\000L\000i\000m\000i\000t\000a\000t\000i\000o\000n\000s\000\040\000o\000f\000\040\000C\000u\000r\000r\000e\000n\000t\000\040\000S\000o\000l\000u\000t\000i\000o\000n\000s}{section.1.1}% 9
\BOOKMARK [1][-]{section.1.2}{\376\377\0001\000.\0002\000\040\000A\000i\000m\000s\000\040\000a\000n\000d\000\040\000O\000b\000j\000e\000c\000t\000i\000v\000e\000s}{chapter.1}% 10
\BOOKMARK [1][-]{section.1.3}{\376\377\0001\000.\0003\000\040\000O\000r\000g\000a\000n\000i\000z\000a\000t\000i\000o\000n}{chapter.1}% 11
\BOOKMARK [0][-]{chapter.2}{\376\377\0002\000\040\000B\000a\000c\000k\000g\000r\000o\000u\000n\000d}{}% 12
\BOOKMARK [1][-]{section.2.1}{\376\377\0002\000.\0001\000\040\000V\000i\000r\000t\000u\000a\000l\000i\000z\000a\000t\000i\000o\000n}{chapter.2}% 13
\BOOKMARK [2][-]{subsection.2.1.1}{\376\377\0002\000.\0001\000.\0001\000\040\000V\000i\000r\000t\000u\000a\000l\000i\000z\000e\000d\000\040\000W\000o\000r\000k\000\040\000E\000n\000v\000i\000r\000o\000n\000m\000e\000n\000t\000s}{section.2.1}% 14
\BOOKMARK [1][-]{section.2.2}{\376\377\0002\000.\0002\000\040\000G\000N\000S\0003}{chapter.2}% 15
\BOOKMARK [2][-]{subsection.2.2.1}{\376\377\0002\000.\0002\000.\0001\000\040\000A\000r\000c\000h\000i\000t\000e\000c\000t\000u\000r\000e}{section.2.2}% 16
\BOOKMARK [3][-]{subsubsection.2.2.1.1}{\376\377\0002\000.\0002\000.\0001\000.\0001\000\040\000C\000o\000n\000t\000r\000o\000l\000l\000e\000r}{subsection.2.2.1}% 17
\BOOKMARK [3][-]{subsubsection.2.2.1.2}{\376\377\0002\000.\0002\000.\0001\000.\0002\000\040\000C\000o\000m\000p\000u\000t\000e}{subsection.2.2.1}% 18
\BOOKMARK [3][-]{subsubsection.2.2.1.3}{\376\377\0002\000.\0002\000.\0001\000.\0003\000\040\000G\000U\000I}{subsection.2.2.1}% 19
\BOOKMARK [1][-]{section.2.3}{\376\377\0002\000.\0003\000\040\000P\000r\000o\000x\000m\000o\000x\000\040\000V\000E}{chapter.2}% 20
\BOOKMARK [2][-]{subsection.2.3.1}{\376\377\0002\000.\0003\000.\0001\000\040\000S\000u\000p\000p\000o\000r\000t\000e\000d\000\040\000V\000i\000r\000t\000u\000a\000l\000i\000z\000a\000t\000i\000o\000n\000\040\000T\000e\000c\000h\000n\000o\000l\000o\000g\000i\000e\000s}{section.2.3}% 21
\BOOKMARK [3][-]{subsubsection.2.3.1.1}{\376\377\0002\000.\0003\000.\0001\000.\0001\000\040\000k\000v\000m}{subsection.2.3.1}% 22
\BOOKMARK [3][-]{subsubsection.2.3.1.2}{\376\377\0002\000.\0003\000.\0001\000.\0002\000\040\000l\000x\000c}{subsection.2.3.1}% 23
\BOOKMARK [1][-]{section.2.4}{\376\377\0002\000.\0004\000\040\000A\000u\000t\000h\000e\000n\000t\000i\000c\000a\000t\000i\000o\000n\000\040\000w\000i\000t\000h\000\040\000L\000D\000A\000P}{chapter.2}% 24
\BOOKMARK [1][-]{section.2.5}{\376\377\0002\000.\0005\000\040\000P\000y\000t\000h\000o\000n\000\040\000W\000e\000b\000\040\000F\000r\000a\000m\000e\000w\000o\000r\000k\000s\000\040\000f\000o\000r\000\040\000A\000P\000I\000-\000B\000a\000s\000e\000d\000\040\000S\000y\000s\000t\000e\000m\000s}{chapter.2}% 25
\BOOKMARK [2][-]{subsection.2.5.1}{\376\377\0002\000.\0005\000.\0001\000\040\000W\000S\000G\000I}{section.2.5}% 26
\BOOKMARK [3][-]{subsubsection.2.5.1.1}{\376\377\0002\000.\0005\000.\0001\000.\0001\000\040\000F\000l\000a\000s\000k}{subsection.2.5.1}% 27
\BOOKMARK [3][-]{subsubsection.2.5.1.2}{\376\377\0002\000.\0005\000.\0001\000.\0002\000\040\000R\000e\000q\000u\000e\000s\000t\000s}{subsection.2.5.1}% 28
\BOOKMARK [2][-]{subsection.2.5.2}{\376\377\0002\000.\0005\000.\0002\000\040\000L\000o\000n\000g\000\040\000r\000u\000n\000n\000i\000n\000g\000\040\000t\000a\000s\000k\000\040\000p\000r\000o\000c\000e\000s\000s\000i\000n\000g\000\040\000a\000p\000p\000r\000o\000a\000c\000h\000e\000s}{section.2.5}% 29
\BOOKMARK [3][-]{subsubsection.2.5.2.1}{\376\377\0002\000.\0005\000.\0002\000.\0001\000\040\000C\000e\000l\000e\000r\000y}{subsection.2.5.2}% 30
\BOOKMARK [3][-]{subsubsection.2.5.2.2}{\376\377\0002\000.\0005\000.\0002\000.\0002\000\040\000A\000s\000y\000n\000c\000i\000o}{subsection.2.5.2}% 31
\BOOKMARK [2][-]{subsection.2.5.3}{\376\377\0002\000.\0005\000.\0003\000\040\000A\000S\000G\000I}{section.2.5}% 32
\BOOKMARK [3][-]{subsubsection.2.5.3.1}{\376\377\0002\000.\0005\000.\0003\000.\0001\000\040\000F\000a\000s\000t\000A\000P\000I}{subsection.2.5.3}% 33
\BOOKMARK [3][-]{subsubsection.2.5.3.2}{\376\377\0002\000.\0005\000.\0003\000.\0002\000\040\000H\000T\000T\000P\000X}{subsection.2.5.3}% 34
\BOOKMARK [1][-]{section.2.6}{\376\377\0002\000.\0006\000\040\000S\000y\000s\000t\000e\000m\000\040\000a\000d\000m\000i\000n\000i\000s\000t\000r\000a\000t\000i\000o\000n\000\040\000a\000u\000t\000o\000m\000a\000t\000i\000o\000n\000\040\000t\000o\000o\000l\000s}{chapter.2}% 35
\BOOKMARK [2][-]{subsection.2.6.1}{\376\377\0002\000.\0006\000.\0001\000\040\000A\000n\000s\000i\000b\000l\000e}{section.2.6}% 36
\BOOKMARK [2][-]{subsection.2.6.2}{\376\377\0002\000.\0006\000.\0002\000\040\000N\000o\000r\000n\000i\000r}{section.2.6}% 37
\BOOKMARK [0][-]{chapter.3}{\376\377\0003\000\040\000R\000e\000l\000a\000t\000e\000d\000\040\000W\000o\000r\000k}{}% 38
\BOOKMARK [1][-]{section.3.1}{\376\377\0003\000.\0001\000\040\000A\000u\000t\000o\000m\000a\000t\000e\000d\000\040\000A\000s\000s\000e\000s\000s\000m\000e\000n\000t\000\040\000S\000y\000s\000t\000e\000m\000s}{chapter.3}% 39
\BOOKMARK [2][-]{subsection.3.1.1}{\376\377\0003\000.\0001\000.\0001\000\040\000M\000o\000o\000s\000h\000a\000k\000\040\000a\000n\000d\000\040\000l\000e\000s\000s\000o\000n\000s\000\040\000l\000e\000a\000r\000n\000e\000d}{section.3.1}% 40
\BOOKMARK [1][-]{section.3.2}{\376\377\0003\000.\0002\000\040\000C\000i\000s\000c\000o\000\040\000P\000a\000c\000k\000e\000t\000\040\000T\000r\000a\000c\000e\000r}{chapter.3}% 41
\BOOKMARK [0][-]{chapter.4}{\376\377\0004\000\040\000S\000y\000s\000t\000e\000m\000\040\000A\000r\000c\000h\000i\000t\000e\000c\000t\000u\000r\000e\000\040\000\046\000\040\000D\000e\000s\000i\000g\000n}{}% 42
\BOOKMARK [1][-]{section.4.1}{\376\377\0004\000.\0001\000\040\000S\000y\000s\000t\000e\000m\000\040\000A\000r\000c\000h\000i\000t\000e\000c\000t\000u\000r\000e\000\040\000O\000v\000e\000r\000v\000i\000e\000w}{chapter.4}% 43
\BOOKMARK [1][-]{section.4.2}{\376\377\0004\000.\0002\000\040\000P\000r\000o\000x\000m\000o\000x\000\040\000V\000E}{chapter.4}% 44
\BOOKMARK [2][-]{subsection.4.2.1}{\376\377\0004\000.\0002\000.\0001\000\040\000W\000h\000y\000\040\000P\000r\000o\000x\000m\000o\000x\000\040\000V\000E\000?}{section.4.2}% 45
\BOOKMARK [2][-]{subsection.4.2.2}{\376\377\0004\000.\0002\000.\0002\000\040\000P\000r\000o\000x\000m\000o\000x\000\040\000V\000E\000\040\000L\000i\000m\000i\000t\000a\000t\000i\000o\000n\000s}{section.4.2}% 46
\BOOKMARK [2][-]{subsection.4.2.3}{\376\377\0004\000.\0002\000.\0003\000\040\000P\000r\000o\000x\000m\000o\000x\000\040\000V\000E\000\040\000F\000i\000r\000e\000w\000a\000l\000l}{section.4.2}% 47
\BOOKMARK [2][-]{subsection.4.2.4}{\376\377\0004\000.\0002\000.\0004\000\040\000M\000a\000x\000i\000m\000i\000n\000g\000\040\000r\000e\000s\000o\000u\000r\000c\000e\000\040\000u\000s\000a\000g\000e}{section.4.2}% 48
\BOOKMARK [3][-]{subsubsection.4.2.4.1}{\376\377\0004\000.\0002\000.\0004\000.\0001\000\040\000E\000x\000p\000l\000o\000r\000a\000t\000i\000o\000n\000\040\000o\000f\000\040\000c\000o\000n\000t\000a\000i\000n\000e\000r\000s\000\040\000a\000s\000\040\000a\000\040\000f\000u\000l\000l\000\040\000s\000u\000b\000s\000t\000i\000t\000u\000t\000e\000\040\000f\000o\000r\000\040\000V\000M\000s}{subsection.4.2.4}% 49
\BOOKMARK [2][-]{subsection.4.2.5}{\376\377\0004\000.\0002\000.\0005\000\040\000V\000M\000\040\000L\000i\000f\000e\000c\000y\000c\000l\000e}{section.4.2}% 50
\BOOKMARK [1][-]{section.4.3}{\376\377\0004\000.\0003\000\040\000G\000N\000S\0003}{chapter.4}% 51
\BOOKMARK [1][-]{section.4.4}{\376\377\0004\000.\0004\000\040\000H\000i\000g\000h\000-\000l\000e\000v\000e\000l\000\040\000a\000r\000c\000h\000i\000t\000e\000c\000t\000u\000r\000e}{chapter.4}% 52
\BOOKMARK [2][-]{subsection.4.4.1}{\376\377\0004\000.\0004\000.\0001\000\040\000U\000s\000e\000r\000\040\000I\000n\000t\000e\000r\000f\000a\000c\000e\000\040\000C\000o\000m\000p\000o\000n\000e\000n\000t}{section.4.4}% 53
\BOOKMARK [2][-]{subsection.4.4.2}{\376\377\0004\000.\0004\000.\0002\000\040\000W\000e\000b\000\040\000A\000p\000p\000l\000i\000c\000a\000t\000i\000o\000n\000\040\000C\000o\000m\000p\000o\000n\000e\000n\000t}{section.4.4}% 54
\BOOKMARK [2][-]{subsection.4.4.3}{\376\377\0004\000.\0004\000.\0003\000\040\000V\000i\000r\000t\000u\000a\000l\000i\000z\000a\000t\000i\000o\000n\000\040\000C\000o\000m\000p\000o\000n\000e\000n\000t\000s}{section.4.4}% 55
\BOOKMARK [2][-]{subsection.4.4.4}{\376\377\0004\000.\0004\000.\0004\000\040\000E\000v\000a\000l\000u\000a\000t\000i\000o\000n\000\040\000c\000o\000m\000p\000o\000n\000e\000n\000t}{section.4.4}% 56
\BOOKMARK [2][-]{subsection.4.4.5}{\376\377\0004\000.\0004\000.\0005\000\040\000V\000i\000r\000t\000u\000a\000l\000\040\000m\000a\000c\000h\000i\000n\000e\000\040\000s\000t\000o\000r\000a\000g\000e}{section.4.4}% 57
\BOOKMARK [2][-]{subsection.4.4.6}{\376\377\0004\000.\0004\000.\0006\000\040\000W\000e\000b\000\040\000a\000p\000p\000l\000i\000c\000a\000t\000i\000o\000n\000\040\000d\000a\000t\000a\000b\000a\000s\000e}{section.4.4}% 58
\BOOKMARK [1][-]{section.4.5}{\376\377\0004\000.\0005\000\040\000S\000y\000s\000t\000e\000m\000\040\000F\000u\000n\000c\000t\000i\000o\000n\000a\000l\000\040\000O\000v\000e\000r\000v\000i\000e\000w}{chapter.4}% 59
\BOOKMARK [2][-]{subsection.4.5.1}{\376\377\0004\000.\0005\000.\0001\000\040\000S\000y\000s\000t\000e\000m\000\040\000A\000c\000t\000o\000r\000s}{section.4.5}% 60
\BOOKMARK [2][-]{subsection.4.5.2}{\376\377\0004\000.\0005\000.\0002\000\040\000F\000u\000n\000c\000t\000i\000o\000n\000a\000l\000\040\000U\000s\000e\000\040\000C\000a\000s\000e\000s}{section.4.5}% 61
\BOOKMARK [3][-]{subsubsection.4.5.2.1}{\376\377\0004\000.\0005\000.\0002\000.\0001\000\040\000S\000y\000s\000t\000e\000m\000\040\000S\000u\000p\000p\000o\000r\000t\000s\000\040\000B\000o\000t\000h\000\040\000D\000i\000r\000e\000c\000t\000o\000r\000y\000\040\000I\000n\000t\000e\000g\000r\000a\000t\000i\000o\000n\000\040\000a\000n\000d\000\040\000L\000o\000c\000a\000l\000\040\000A\000u\000t\000h\000e\000n\000t\000i\000c\000a\000t\000i\000o\000n}{subsection.4.5.2}% 62
\BOOKMARK [3][-]{subsubsection.4.5.2.2}{\376\377\0004\000.\0005\000.\0002\000.\0002\000\040\000T\000e\000a\000c\000h\000e\000r\000\040\000C\000r\000e\000a\000t\000e\000s\000\040\000a\000\040\000N\000e\000w\000\040\000E\000x\000e\000r\000c\000i\000s\000e}{subsection.4.5.2}% 63
\BOOKMARK [3][-]{subsubsection.4.5.2.3}{\376\377\0004\000.\0005\000.\0002\000.\0003\000\040\000S\000y\000s\000t\000e\000m\000\040\000S\000u\000p\000p\000o\000r\000t\000s\000\040\000E\000n\000r\000o\000l\000l\000m\000e\000n\000t\000\040\000o\000f\000\040\000U\000s\000e\000r\000s\000\040\000i\000n\000t\000o\000\040\000E\000x\000e\000r\000c\000i\000s\000e\000s}{subsection.4.5.2}% 64
\BOOKMARK [3][-]{subsubsection.4.5.2.4}{\376\377\0004\000.\0005\000.\0002\000.\0004\000\040\000S\000t\000u\000d\000e\000n\000t\000\040\000S\000t\000a\000r\000t\000s\000\040\000T\000h\000e\000i\000r\000\040\000E\000x\000e\000r\000c\000i\000s\000e\000\040\000V\000M}{subsection.4.5.2}% 65
\BOOKMARK [3][-]{subsubsection.4.5.2.5}{\376\377\0004\000.\0005\000.\0002\000.\0005\000\040\000S\000t\000u\000d\000e\000n\000t\000\040\000S\000u\000b\000m\000i\000t\000s\000\040\000S\000o\000l\000u\000t\000i\000o\000n}{subsection.4.5.2}% 66
\BOOKMARK [0][-]{chapter.5}{\376\377\0005\000\040\000I\000m\000p\000l\000e\000m\000e\000n\000t\000a\000t\000i\000o\000n}{}% 67
\BOOKMARK [1][-]{section.5.1}{\376\377\0005\000.\0001\000\040\000F\000a\000s\000t\000A\000P\000I\000\040\000A\000d\000o\000p\000t\000i\000o\000n\000:\000\040\000O\000v\000e\000r\000c\000o\000m\000i\000n\000g\000\040\000F\000l\000a\000s\000k\000'\000s\000\040\000S\000h\000o\000r\000t\000c\000o\000m\000i\000n\000g\000s}{chapter.5}% 68
\BOOKMARK [2][-]{subsection.5.1.1}{\376\377\0005\000.\0001\000.\0001\000\040\000I\000n\000i\000t\000i\000a\000l\000\040\000s\000e\000t\000u\000p\000:\000\040\000F\000l\000a\000s\000k}{section.5.1}% 69
\BOOKMARK [2][-]{subsection.5.1.2}{\376\377\0005\000.\0001\000.\0002\000\040\000S\000e\000c\000o\000n\000d\000\040\000s\000e\000t\000u\000p\000:\000\040\000F\000l\000a\000s\000k\000\040\000+\000\040\000C\000e\000l\000e\000r\000y}{section.5.1}% 70
\BOOKMARK [2][-]{subsection.5.1.3}{\376\377\0005\000.\0001\000.\0003\000\040\000T\000h\000i\000r\000d\000\040\000s\000e\000t\000u\000p\000:\000\040\000Q\000u\000a\000r\000t\000,\000\040\000a\000n\000\040\000A\000S\000G\000I\000-\000c\000o\000m\000p\000l\000i\000a\000n\000t\000\040\000F\000l\000a\000s\000k\000\040\000r\000e\000i\000m\000p\000l\000e\000m\000e\000n\000t\000a\000t\000i\000o\000n}{section.5.1}% 71
\BOOKMARK [2][-]{subsection.5.1.4}{\376\377\0005\000.\0001\000.\0004\000\040\000F\000i\000n\000a\000l\000\040\000D\000e\000c\000i\000s\000i\000o\000n\000:\000\040\000F\000a\000s\000t\000A\000P\000I\000\040\000M\000i\000g\000r\000a\000t\000i\000o\000n}{section.5.1}% 72
\BOOKMARK [1][-]{section.5.2}{\376\377\0005\000.\0002\000\040\000P\000r\000o\000j\000e\000c\000t\000\040\000s\000t\000r\000u\000c\000t\000u\000r\000e}{chapter.5}% 73
\BOOKMARK [2][-]{subsection.5.2.1}{\376\377\0005\000.\0002\000.\0001\000\040\000T\000e\000c\000h\000n\000o\000l\000o\000g\000i\000e\000s}{section.5.2}% 74
\BOOKMARK [3][-]{subsubsection.5.2.1.1}{\376\377\0005\000.\0002\000.\0001\000.\0001\000\040\000P\000y\000t\000h\000o\000n}{subsection.5.2.1}% 75
\BOOKMARK [3][-]{subsubsection.5.2.1.2}{\376\377\0005\000.\0002\000.\0001\000.\0002\000\040\000S\000Q\000L\000i\000t\000e}{subsection.5.2.1}% 76
\BOOKMARK [2][-]{subsection.5.2.2}{\376\377\0005\000.\0002\000.\0002\000\040\000a\000p\000p\000/}{section.5.2}% 77
\BOOKMARK [2][-]{subsection.5.2.3}{\376\377\0005\000.\0002\000.\0003\000\040\000i\000n\000v\000e\000n\000t\000o\000r\000y\000/}{section.5.2}% 78
\BOOKMARK [2][-]{subsection.5.2.4}{\376\377\0005\000.\0002\000.\0004\000\040\000l\000o\000g\000g\000e\000r\000/}{section.5.2}% 79
\BOOKMARK [2][-]{subsection.5.2.5}{\376\377\0005\000.\0002\000.\0005\000\040\000n\000o\000r\000n\000i\000r\000\137\000l\000i\000b\000/}{section.5.2}% 80
\BOOKMARK [2][-]{subsection.5.2.6}{\376\377\0005\000.\0002\000.\0006\000\040\000p\000r\000o\000x\000m\000o\000x\000\137\000a\000p\000i\000/}{section.5.2}% 81
\BOOKMARK [3][-]{subsubsection.5.2.6.1}{\376\377\0005\000.\0002\000.\0006\000.\0001\000\040\000E\000r\000r\000o\000r\000\040\000H\000a\000n\000d\000l\000i\000n\000g}{subsection.5.2.6}% 82
\BOOKMARK [2][-]{subsection.5.2.7}{\376\377\0005\000.\0002\000.\0007\000\040\000g\000n\000s\0003\000\137\000a\000p\000i\000/}{section.5.2}% 83
\BOOKMARK [1][-]{section.5.3}{\376\377\0005\000.\0003\000\040\000W\000e\000b\000\040\000A\000p\000p\000l\000i\000c\000a\000t\000i\000o\000n\000\040\000C\000o\000m\000p\000o\000n\000e\000n\000t\000s}{chapter.5}% 84
\BOOKMARK [2][-]{subsection.5.3.1}{\376\377\0005\000.\0003\000.\0001\000\040\000A\000u\000t\000h\000e\000n\000t\000i\000c\000a\000t\000i\000o\000n\000\040\000M\000o\000d\000u\000l\000e}{section.5.3}% 85
\BOOKMARK [2][-]{subsection.5.3.2}{\376\377\0005\000.\0003\000.\0002\000\040\000E\000x\000e\000r\000c\000i\000s\000e\000\040\000M\000a\000n\000a\000g\000e\000m\000e\000n\000t\000\040\000M\000o\000d\000u\000l\000e}{section.5.3}% 86
\BOOKMARK [2][-]{subsection.5.3.3}{\376\377\0005\000.\0003\000.\0003\000\040\000V\000M\000\040\000C\000o\000n\000t\000r\000o\000l\000\040\000M\000o\000d\000u\000l\000e}{section.5.3}% 87
\BOOKMARK [1][-]{section.5.4}{\376\377\0005\000.\0004\000\040\000A\000s\000y\000n\000c\000h\000r\000o\000n\000o\000u\000s\000\040\000P\000r\000o\000c\000e\000s\000s\000i\000n\000g\000\040\000w\000i\000t\000h\000\040\000F\000a\000s\000t\000A\000P\000I}{chapter.5}% 88
\BOOKMARK [2][-]{subsection.5.4.1}{\376\377\0005\000.\0004\000.\0001\000\040\000D\000i\000f\000f\000e\000r\000e\000n\000c\000e\000s\000\040\000B\000e\000t\000w\000e\000e\000n\000\040\000A\000s\000y\000n\000c\000i\000o\000\040\000A\000n\000d\000\040\000C\000e\000l\000e\000r\000y}{section.5.4}% 89
\BOOKMARK [1][-]{section.5.5}{\376\377\0005\000.\0005\000\040\000G\000N\000S\0003\000\040\000C\000u\000s\000t\000o\000m\000i\000z\000a\000t\000i\000o\000n\000\040\000a\000n\000d\000\040\000C\000o\000n\000f\000i\000g\000u\000r\000a\000t\000i\000o\000n}{chapter.5}% 90
\BOOKMARK [1][-]{section.5.6}{\376\377\0005\000.\0006\000\040\000P\000r\000o\000x\000m\000o\000x\000\040\000A\000P\000I\000\040\000U\000s\000a\000g\000e}{chapter.5}% 91
\BOOKMARK [0][-]{chapter.6}{\376\377\0006\000\040\000T\000e\000s\000t\000i\000n\000g\000\040\000\046\000\040\000E\000v\000a\000l\000u\000a\000t\000i\000o\000n}{}% 92
\BOOKMARK [1][-]{section.6.1}{\376\377\0006\000.\0001\000\040\000P\000e\000r\000f\000o\000r\000m\000a\000n\000c\000e\000\040\000E\000v\000a\000l\000u\000a\000t\000i\000o\000n}{chapter.6}% 93
\BOOKMARK [2][-]{subsection.6.1.1}{\376\377\0006\000.\0001\000.\0001\000\040\000A\000v\000a\000i\000l\000a\000b\000l\000e\000\040\000H\000a\000r\000d\000w\000a\000r\000e}{section.6.1}% 94
\BOOKMARK [3][-]{subsubsection.6.1.1.1}{\376\377\0006\000.\0001\000.\0001\000.\0001\000\040\000T\000a\000s\000k\000\040\0001\000:\000\040\000T\000e\000m\000p\000l\000a\000t\000e\000\040\000V\000M\000\040\000C\000r\000e\000a\000t\000i\000o\000n}{subsection.6.1.1}% 95
\BOOKMARK [3][-]{subsubsection.6.1.1.2}{\376\377\0006\000.\0001\000.\0001\000.\0002\000\040\000T\000a\000s\000k\000\040\0002\000:\000\040\000V\000M\000\040\000C\000l\000o\000n\000i\000n\000g}{subsection.6.1.1}% 96
\BOOKMARK [3][-]{subsubsection.6.1.1.3}{\376\377\0006\000.\0001\000.\0001\000.\0003\000\040\000T\000a\000s\000k\000\040\0003\000:\000\040\000V\000M\000\040\000D\000e\000l\000e\000t\000i\000o\000n}{subsection.6.1.1}% 97
\BOOKMARK [2][-]{subsection.6.1.2}{\376\377\0006\000.\0001\000.\0002\000\040\000I\000/\000O\000\040\000P\000r\000o\000b\000l\000e\000m\000s\000\040\000d\000u\000r\000i\000n\000g\000\040\000B\000a\000t\000c\000h\000\040\000V\000M\000\040\000O\000p\000e\000r\000a\000t\000i\000o\000n\000s}{section.6.1}% 98
\BOOKMARK [1][-]{section.6.2}{\376\377\0006\000.\0002\000\040\000S\000y\000s\000t\000e\000m\000\040\000U\000s\000a\000g\000e}{chapter.6}% 99
\BOOKMARK [2][-]{subsection.6.2.1}{\376\377\0006\000.\0002\000.\0001\000\040\000C\000r\000e\000a\000t\000e\000\040\000a\000\040\000n\000e\000w\000\040\000e\000x\000e\000r\000c\000i\000s\000e\000\040\000a\000n\000d\000\040\000e\000n\000r\000o\000l\000l\000\040\000s\000t\000u\000d\000e\000n\000t\000s}{section.6.2}% 100
\BOOKMARK [2][-]{subsection.6.2.2}{\376\377\0006\000.\0002\000.\0002\000\040\000C\000o\000m\000p\000l\000e\000t\000e\000\040\000a\000n\000\040\000a\000s\000s\000i\000g\000n\000m\000e\000n\000t\000\040\000a\000n\000d\000\040\000r\000e\000q\000u\000e\000s\000t\000\040\000a\000n\000\040\000a\000s\000s\000e\000s\000s\000m\000e\000n\000t}{section.6.2}% 101
\BOOKMARK [0][-]{chapter.7}{\376\377\0007\000\040\000C\000o\000n\000c\000l\000u\000s\000i\000o\000n\000\040\000\046\000\040\000F\000u\000t\000u\000r\000e\000\040\000W\000o\000r\000k}{}% 102
\BOOKMARK [1][-]{section.7.1}{\376\377\0007\000.\0001\000\040\000L\000e\000s\000s\000o\000n\000s\000\040\000l\000e\000a\000r\000n\000e\000d}{chapter.7}% 103
\BOOKMARK [1][-]{section.7.2}{\376\377\0007\000.\0002\000\040\000F\000u\000t\000u\000r\000e\000\040\000W\000o\000r\000k}{chapter.7}% 104
\BOOKMARK [0][-]{dummy.6}{\376\377\000B\000i\000b\000l\000i\000o\000g\000r\000a\000p\000h\000y}{}% 105
